{"C:\\Users\\LENOVO THINKPAD T430\\Desktop\\more-recipes\\server\\config\\database.js": {"path":"C:\\Users\\LENOVO THINKPAD T430\\Desktop\\more-recipes\\server\\config\\database.js","statementMap":{"0":{"start":{"line":1,"column":13},"end":{"line":1,"column":28}},"1":{"start":{"line":5,"column":15},"end":{"line":23,"column":1}},"2":{"start":{"line":25,"column":0},"end":{"line":25,"column":24}}},"fnMap":{},"branchMap":{},"s":{"0":1,"1":1,"2":1},"f":{},"b":{},"_coverageSchema":"43e27e138ebf9cfc5966b082cf9a028302ed4184","hash":"b16a356f458d73877d1ccd776a1538711d9f9dba"}
,"C:\\Users\\LENOVO THINKPAD T430\\Desktop\\more-recipes\\server\\config\\index.js": {"path":"C:\\Users\\LENOVO THINKPAD T430\\Desktop\\more-recipes\\server\\config\\index.js","statementMap":{"0":{"start":{"line":1,"column":0},"end":{"line":1,"column":27}},"1":{"start":{"line":3,"column":16},"end":{"line":3,"column":38}},"2":{"start":{"line":5,"column":0},"end":{"line":7,"column":1}},"3":{"start":{"line":6,"column":2},"end":{"line":6,"column":23}},"4":{"start":{"line":12,"column":0},"end":{"line":22,"column":2}}},"fnMap":{},"branchMap":{"0":{"loc":{"start":{"line":5,"column":0},"end":{"line":7,"column":1}},"type":"if","locations":[{"start":{"line":5,"column":0},"end":{"line":7,"column":1}},{"start":{"line":5,"column":0},"end":{"line":7,"column":1}}],"line":5}},"s":{"0":1,"1":1,"2":1,"3":1,"4":1},"f":{},"b":{"0":[1,0]},"_coverageSchema":"43e27e138ebf9cfc5966b082cf9a028302ed4184","hash":"e50f432b31fed26d9c18ca7fa5fe24cf76002622"}
,"C:\\Users\\LENOVO THINKPAD T430\\Desktop\\more-recipes\\server\\database\\models\\index.js": {"path":"C:\\Users\\LENOVO THINKPAD T430\\Desktop\\more-recipes\\server\\database\\models\\index.js","statementMap":{"0":{"start":{"line":1,"column":0},"end":{"line":1,"column":27}},"1":{"start":{"line":3,"column":11},"end":{"line":3,"column":24}},"2":{"start":{"line":4,"column":13},"end":{"line":4,"column":28}},"3":{"start":{"line":5,"column":18},"end":{"line":5,"column":38}},"4":{"start":{"line":7,"column":17},"end":{"line":7,"column":42}},"5":{"start":{"line":8,"column":12},"end":{"line":8,"column":49}},"6":{"start":{"line":9,"column":15},"end":{"line":9,"column":57}},"7":{"start":{"line":11,"column":11},"end":{"line":11,"column":13}},"8":{"start":{"line":13,"column":0},"end":{"line":17,"column":1}},"9":{"start":{"line":14,"column":2},"end":{"line":14,"column":51}},"10":{"start":{"line":16,"column":2},"end":{"line":16,"column":87}},"11":{"start":{"line":20,"column":0},"end":{"line":26,"column":5}},"12":{"start":{"line":22,"column":18},"end":{"line":22,"column":96}},"13":{"start":{"line":24,"column":18},"end":{"line":24,"column":62}},"14":{"start":{"line":25,"column":4},"end":{"line":25,"column":27}},"15":{"start":{"line":28,"column":0},"end":{"line":32,"column":3}},"16":{"start":{"line":29,"column":2},"end":{"line":31,"column":3}},"17":{"start":{"line":30,"column":4},"end":{"line":30,"column":32}},"18":{"start":{"line":34,"column":0},"end":{"line":34,"column":25}},"19":{"start":{"line":35,"column":0},"end":{"line":35,"column":25}},"20":{"start":{"line":37,"column":0},"end":{"line":37,"column":20}}},"fnMap":{"0":{"name":"(anonymous_0)","decl":{"start":{"line":22,"column":10},"end":{"line":22,"column":11}},"loc":{"start":{"line":22,"column":18},"end":{"line":22,"column":96}},"line":22},"1":{"name":"(anonymous_1)","decl":{"start":{"line":23,"column":11},"end":{"line":23,"column":12}},"loc":{"start":{"line":23,"column":21},"end":{"line":26,"column":3}},"line":23},"2":{"name":"(anonymous_2)","decl":{"start":{"line":28,"column":24},"end":{"line":28,"column":25}},"loc":{"start":{"line":28,"column":39},"end":{"line":32,"column":1}},"line":28}},"branchMap":{"0":{"loc":{"start":{"line":8,"column":12},"end":{"line":8,"column":49}},"type":"binary-expr","locations":[{"start":{"line":8,"column":12},"end":{"line":8,"column":32}},{"start":{"line":8,"column":36},"end":{"line":8,"column":49}}],"line":8},"1":{"loc":{"start":{"line":13,"column":0},"end":{"line":17,"column":1}},"type":"if","locations":[{"start":{"line":13,"column":0},"end":{"line":17,"column":1}},{"start":{"line":13,"column":0},"end":{"line":17,"column":1}}],"line":13},"2":{"loc":{"start":{"line":22,"column":18},"end":{"line":22,"column":96}},"type":"binary-expr","locations":[{"start":{"line":22,"column":19},"end":{"line":22,"column":42}},{"start":{"line":22,"column":48},"end":{"line":22,"column":65}},{"start":{"line":22,"column":71},"end":{"line":22,"column":95}}],"line":22},"3":{"loc":{"start":{"line":29,"column":2},"end":{"line":31,"column":3}},"type":"if","locations":[{"start":{"line":29,"column":2},"end":{"line":31,"column":3}},{"start":{"line":29,"column":2},"end":{"line":31,"column":3}}],"line":29}},"s":{"0":1,"1":1,"2":1,"3":1,"4":1,"5":1,"6":1,"7":1,"8":1,"9":0,"10":1,"11":1,"12":4,"13":3,"14":3,"15":1,"16":3,"17":3,"18":1,"19":1,"20":1},"f":{"0":4,"1":3,"2":3},"b":{"0":[1,0],"1":[0,1],"2":[4,4,3],"3":[3,0]},"_coverageSchema":"43e27e138ebf9cfc5966b082cf9a028302ed4184","hash":"c3a7bf4e18f7430ca277ae8a0f7a0fc4116c3bd8"}
,"C:\\Users\\LENOVO THINKPAD T430\\Desktop\\more-recipes\\server\\database\\models\\recipe.js": {"path":"C:\\Users\\LENOVO THINKPAD T430\\Desktop\\more-recipes\\server\\database\\models\\recipe.js","statementMap":{"0":{"start":{"line":3,"column":0},"end":{"line":46,"column":2}},"1":{"start":{"line":4,"column":17},"end":{"line":24,"column":4}},"2":{"start":{"line":26,"column":2},"end":{"line":34,"column":4}},"3":{"start":{"line":27,"column":4},"end":{"line":30,"column":7}},"4":{"start":{"line":31,"column":4},"end":{"line":33,"column":7}},"5":{"start":{"line":36,"column":2},"end":{"line":43,"column":5}},"6":{"start":{"line":37,"column":4},"end":{"line":42,"column":5}},"7":{"start":{"line":38,"column":6},"end":{"line":39,"column":80}},"8":{"start":{"line":39,"column":38},"end":{"line":39,"column":77}},"9":{"start":{"line":41,"column":6},"end":{"line":41,"column":45}},"10":{"start":{"line":45,"column":2},"end":{"line":45,"column":16}}},"fnMap":{"0":{"name":"(anonymous_0)","decl":{"start":{"line":3,"column":17},"end":{"line":3,"column":18}},"loc":{"start":{"line":3,"column":43},"end":{"line":46,"column":1}},"line":3},"1":{"name":"(anonymous_1)","decl":{"start":{"line":26,"column":21},"end":{"line":26,"column":22}},"loc":{"start":{"line":26,"column":33},"end":{"line":34,"column":3}},"line":26},"2":{"name":"(anonymous_2)","decl":{"start":{"line":36,"column":30},"end":{"line":36,"column":31}},"loc":{"start":{"line":36,"column":49},"end":{"line":43,"column":3}},"line":36},"3":{"name":"(anonymous_3)","decl":{"start":{"line":39,"column":13},"end":{"line":39,"column":14}},"loc":{"start":{"line":39,"column":38},"end":{"line":39,"column":77}},"line":39}},"branchMap":{"0":{"loc":{"start":{"line":37,"column":4},"end":{"line":42,"column":5}},"type":"if","locations":[{"start":{"line":37,"column":4},"end":{"line":42,"column":5}},{"start":{"line":37,"column":4},"end":{"line":42,"column":5}}],"line":37}},"s":{"0":1,"1":1,"2":1,"3":1,"4":1,"5":1,"6":0,"7":0,"8":0,"9":0,"10":1},"f":{"0":1,"1":1,"2":0,"3":0},"b":{"0":[0,0]},"_coverageSchema":"43e27e138ebf9cfc5966b082cf9a028302ed4184","hash":"9d4cfe8b079d2b68ac37e9a64555fc33860526a2"}
,"C:\\Users\\LENOVO THINKPAD T430\\Desktop\\more-recipes\\server\\database\\models\\review.js": {"path":"C:\\Users\\LENOVO THINKPAD T430\\Desktop\\more-recipes\\server\\database\\models\\review.js","statementMap":{"0":{"start":{"line":1,"column":0},"end":{"line":39,"column":2}},"1":{"start":{"line":2,"column":17},"end":{"line":26,"column":4}},"2":{"start":{"line":28,"column":2},"end":{"line":36,"column":4}},"3":{"start":{"line":29,"column":4},"end":{"line":32,"column":7}},"4":{"start":{"line":33,"column":4},"end":{"line":35,"column":7}},"5":{"start":{"line":38,"column":2},"end":{"line":38,"column":16}}},"fnMap":{"0":{"name":"(anonymous_0)","decl":{"start":{"line":1,"column":17},"end":{"line":1,"column":18}},"loc":{"start":{"line":1,"column":43},"end":{"line":39,"column":1}},"line":1},"1":{"name":"(anonymous_1)","decl":{"start":{"line":28,"column":21},"end":{"line":28,"column":22}},"loc":{"start":{"line":28,"column":33},"end":{"line":36,"column":3}},"line":28}},"branchMap":{},"s":{"0":1,"1":1,"2":1,"3":1,"4":1,"5":1},"f":{"0":1,"1":1},"b":{},"_coverageSchema":"43e27e138ebf9cfc5966b082cf9a028302ed4184","hash":"6e1fbfb5f642824c816d57f438eed26f65df95c4"}
,"C:\\Users\\LENOVO THINKPAD T430\\Desktop\\more-recipes\\server\\database\\models\\user.js": {"path":"C:\\Users\\LENOVO THINKPAD T430\\Desktop\\more-recipes\\server\\database\\models\\user.js","statementMap":{"0":{"start":{"line":1,"column":28},"end":{"line":4,"column":2}},"1":{"start":{"line":7,"column":0},"end":{"line":48,"column":2}},"2":{"start":{"line":8,"column":15},"end":{"line":36,"column":4}},"3":{"start":{"line":38,"column":2},"end":{"line":45,"column":4}},"4":{"start":{"line":39,"column":4},"end":{"line":41,"column":7}},"5":{"start":{"line":42,"column":4},"end":{"line":44,"column":7}},"6":{"start":{"line":47,"column":2},"end":{"line":47,"column":14}}},"fnMap":{"0":{"name":"(anonymous_0)","decl":{"start":{"line":7,"column":17},"end":{"line":7,"column":18}},"loc":{"start":{"line":7,"column":43},"end":{"line":48,"column":1}},"line":7},"1":{"name":"(anonymous_1)","decl":{"start":{"line":38,"column":19},"end":{"line":38,"column":20}},"loc":{"start":{"line":38,"column":31},"end":{"line":45,"column":3}},"line":38}},"branchMap":{},"s":{"0":1,"1":1,"2":1,"3":1,"4":1,"5":1,"6":1},"f":{"0":1,"1":1},"b":{},"_coverageSchema":"43e27e138ebf9cfc5966b082cf9a028302ed4184","hash":"aa1f60df69e09ba0e5737efacda0f0710e21e3d9"}
,"C:\\Users\\LENOVO THINKPAD T430\\Desktop\\more-recipes\\server\\helpers\\index.js": {"path":"C:\\Users\\LENOVO THINKPAD T430\\Desktop\\more-recipes\\server\\helpers\\index.js","statementMap":{"0":{"start":{"line":14,"column":21},"end":{"line":14,"column":91}},"1":{"start":{"line":14,"column":30},"end":{"line":14,"column":91}},"2":{"start":{"line":15,"column":24},"end":{"line":50,"column":1}},"3":{"start":{"line":61,"column":17},"end":{"line":61,"column":38}},"4":{"start":{"line":63,"column":22},"end":{"line":63,"column":79}},"5":{"start":{"line":64,"column":2},"end":{"line":64,"column":35}},"6":{"start":{"line":66,"column":24},"end":{"line":66,"column":83}},"7":{"start":{"line":67,"column":2},"end":{"line":67,"column":39}},"8":{"start":{"line":69,"column":24},"end":{"line":69,"column":83}},"9":{"start":{"line":70,"column":2},"end":{"line":70,"column":39}},"10":{"start":{"line":72,"column":18},"end":{"line":72,"column":75}},"11":{"start":{"line":73,"column":2},"end":{"line":73,"column":27}},"12":{"start":{"line":75,"column":2},"end":{"line":75,"column":16}},"13":{"start":{"line":85,"column":18},"end":{"line":89,"column":4}},"14":{"start":{"line":91,"column":2},"end":{"line":91,"column":20}},"15":{"start":{"line":92,"column":2},"end":{"line":92,"column":25}},"16":{"start":{"line":93,"column":2},"end":{"line":93,"column":23}},"17":{"start":{"line":95,"column":2},"end":{"line":95,"column":14}},"18":{"start":{"line":105,"column":22},"end":{"line":105,"column":47}},"19":{"start":{"line":107,"column":2},"end":{"line":114,"column":5}},"20":{"start":{"line":108,"column":4},"end":{"line":113,"column":5}},"21":{"start":{"line":109,"column":6},"end":{"line":109,"column":25}},"22":{"start":{"line":110,"column":6},"end":{"line":112,"column":7}},"23":{"start":{"line":111,"column":8},"end":{"line":111,"column":41}},"24":{"start":{"line":116,"column":2},"end":{"line":116,"column":46}},"25":{"start":{"line":117,"column":2},"end":{"line":117,"column":20}},"26":{"start":{"line":118,"column":2},"end":{"line":118,"column":21}}},"fnMap":{"0":{"name":"(anonymous_0)","decl":{"start":{"line":14,"column":21},"end":{"line":14,"column":22}},"loc":{"start":{"line":14,"column":30},"end":{"line":14,"column":91}},"line":14},"1":{"name":"updateRecipeAttributes","decl":{"start":{"line":60,"column":22},"end":{"line":60,"column":44}},"loc":{"start":{"line":60,"column":62},"end":{"line":76,"column":1}},"line":60},"2":{"name":"updateUserAttributes","decl":{"start":{"line":84,"column":22},"end":{"line":84,"column":42}},"loc":{"start":{"line":84,"column":57},"end":{"line":96,"column":1}},"line":84},"3":{"name":"updateUserSettings","decl":{"start":{"line":104,"column":22},"end":{"line":104,"column":40}},"loc":{"start":{"line":104,"column":60},"end":{"line":119,"column":1}},"line":104},"4":{"name":"(anonymous_4)","decl":{"start":{"line":107,"column":38},"end":{"line":107,"column":39}},"loc":{"start":{"line":107,"column":56},"end":{"line":114,"column":3}},"line":107}},"branchMap":{"0":{"loc":{"start":{"line":108,"column":4},"end":{"line":113,"column":5}},"type":"if","locations":[{"start":{"line":108,"column":4},"end":{"line":113,"column":5}},{"start":{"line":108,"column":4},"end":{"line":113,"column":5}}],"line":108},"1":{"loc":{"start":{"line":110,"column":6},"end":{"line":112,"column":7}},"type":"if","locations":[{"start":{"line":110,"column":6},"end":{"line":112,"column":7}},{"start":{"line":110,"column":6},"end":{"line":112,"column":7}}],"line":110},"2":{"loc":{"start":{"line":110,"column":10},"end":{"line":110,"column":52}},"type":"binary-expr","locations":[{"start":{"line":110,"column":10},"end":{"line":110,"column":29}},{"start":{"line":110,"column":33},"end":{"line":110,"column":52}}],"line":110}},"s":{"0":1,"1":0,"2":1,"3":0,"4":0,"5":0,"6":0,"7":0,"8":0,"9":0,"10":0,"11":0,"12":0,"13":0,"14":0,"15":0,"16":0,"17":0,"18":0,"19":0,"20":0,"21":0,"22":0,"23":0,"24":0,"25":0,"26":0},"f":{"0":0,"1":0,"2":0,"3":0,"4":0},"b":{"0":[0,0],"1":[0,0],"2":[0,0]},"_coverageSchema":"43e27e138ebf9cfc5966b082cf9a028302ed4184","hash":"b124d9de471b29185123c058448bc3d44a6e71db"}
,"C:\\Users\\LENOVO THINKPAD T430\\Desktop\\more-recipes\\server\\helpers\\redis-client.js": {"path":"C:\\Users\\LENOVO THINKPAD T430\\Desktop\\more-recipes\\server\\helpers\\redis-client.js","statementMap":{"0":{"start":{"line":7,"column":23},"end":{"line":13,"column":1}},"1":{"start":{"line":8,"column":2},"end":{"line":10,"column":3}},"2":{"start":{"line":9,"column":4},"end":{"line":9,"column":47}},"3":{"start":{"line":12,"column":2},"end":{"line":12,"column":24}}},"fnMap":{"0":{"name":"(anonymous_0)","decl":{"start":{"line":7,"column":23},"end":{"line":7,"column":24}},"loc":{"start":{"line":7,"column":29},"end":{"line":13,"column":1}},"line":7}},"branchMap":{"0":{"loc":{"start":{"line":8,"column":2},"end":{"line":10,"column":3}},"type":"if","locations":[{"start":{"line":8,"column":2},"end":{"line":10,"column":3}},{"start":{"line":8,"column":2},"end":{"line":10,"column":3}}],"line":8}},"s":{"0":1,"1":1,"2":0,"3":1},"f":{"0":1},"b":{"0":[0,1]},"_coverageSchema":"43e27e138ebf9cfc5966b082cf9a028302ed4184","hash":"cb09ea47394e7354088b97faa82dd2ea6f58878d"}
,"C:\\Users\\LENOVO THINKPAD T430\\Desktop\\more-recipes\\server\\validators\\registerUserValidator.js": {"path":"C:\\Users\\LENOVO THINKPAD T430\\Desktop\\more-recipes\\server\\validators\\registerUserValidator.js","statementMap":{"0":{"start":{"line":14,"column":4},"end":{"line":14,"column":21}},"1":{"start":{"line":16,"column":4},"end":{"line":16,"column":21}},"2":{"start":{"line":25,"column":4},"end":{"line":25,"column":24}},"3":{"start":{"line":26,"column":4},"end":{"line":26,"column":28}},"4":{"start":{"line":27,"column":4},"end":{"line":27,"column":31}},"5":{"start":{"line":29,"column":4},"end":{"line":31,"column":5}},"6":{"start":{"line":30,"column":6},"end":{"line":30,"column":19}},"7":{"start":{"line":32,"column":4},"end":{"line":32,"column":16}},"8":{"start":{"line":41,"column":4},"end":{"line":47,"column":5}},"9":{"start":{"line":42,"column":6},"end":{"line":44,"column":7}},"10":{"start":{"line":43,"column":8},"end":{"line":43,"column":71}},"11":{"start":{"line":46,"column":6},"end":{"line":46,"column":48}},"12":{"start":{"line":56,"column":4},"end":{"line":62,"column":5}},"13":{"start":{"line":57,"column":6},"end":{"line":59,"column":7}},"14":{"start":{"line":58,"column":8},"end":{"line":58,"column":75}},"15":{"start":{"line":61,"column":6},"end":{"line":61,"column":52}},"16":{"start":{"line":71,"column":4},"end":{"line":82,"column":5}},"17":{"start":{"line":72,"column":6},"end":{"line":79,"column":7}},"18":{"start":{"line":73,"column":8},"end":{"line":73,"column":69}},"19":{"start":{"line":75,"column":21},"end":{"line":75,"column":85}},"20":{"start":{"line":76,"column":8},"end":{"line":78,"column":9}},"21":{"start":{"line":77,"column":10},"end":{"line":77,"column":69}},"22":{"start":{"line":81,"column":6},"end":{"line":81,"column":49}}},"fnMap":{"0":{"name":"(anonymous_0)","decl":{"start":{"line":13,"column":2},"end":{"line":13,"column":3}},"loc":{"start":{"line":13,"column":20},"end":{"line":17,"column":3}},"line":13},"1":{"name":"(anonymous_1)","decl":{"start":{"line":24,"column":2},"end":{"line":24,"column":3}},"loc":{"start":{"line":24,"column":18},"end":{"line":33,"column":3}},"line":24},"2":{"name":"(anonymous_2)","decl":{"start":{"line":40,"column":2},"end":{"line":40,"column":3}},"loc":{"start":{"line":40,"column":17},"end":{"line":48,"column":3}},"line":40},"3":{"name":"(anonymous_3)","decl":{"start":{"line":55,"column":2},"end":{"line":55,"column":3}},"loc":{"start":{"line":55,"column":21},"end":{"line":63,"column":3}},"line":55},"4":{"name":"(anonymous_4)","decl":{"start":{"line":70,"column":2},"end":{"line":70,"column":3}},"loc":{"start":{"line":70,"column":24},"end":{"line":83,"column":3}},"line":70}},"branchMap":{"0":{"loc":{"start":{"line":29,"column":4},"end":{"line":31,"column":5}},"type":"if","locations":[{"start":{"line":29,"column":4},"end":{"line":31,"column":5}},{"start":{"line":29,"column":4},"end":{"line":31,"column":5}}],"line":29},"1":{"loc":{"start":{"line":41,"column":4},"end":{"line":47,"column":5}},"type":"if","locations":[{"start":{"line":41,"column":4},"end":{"line":47,"column":5}},{"start":{"line":41,"column":4},"end":{"line":47,"column":5}}],"line":41},"2":{"loc":{"start":{"line":42,"column":6},"end":{"line":44,"column":7}},"type":"if","locations":[{"start":{"line":42,"column":6},"end":{"line":44,"column":7}},{"start":{"line":42,"column":6},"end":{"line":44,"column":7}}],"line":42},"3":{"loc":{"start":{"line":56,"column":4},"end":{"line":62,"column":5}},"type":"if","locations":[{"start":{"line":56,"column":4},"end":{"line":62,"column":5}},{"start":{"line":56,"column":4},"end":{"line":62,"column":5}}],"line":56},"4":{"loc":{"start":{"line":57,"column":6},"end":{"line":59,"column":7}},"type":"if","locations":[{"start":{"line":57,"column":6},"end":{"line":59,"column":7}},{"start":{"line":57,"column":6},"end":{"line":59,"column":7}}],"line":57},"5":{"loc":{"start":{"line":71,"column":4},"end":{"line":82,"column":5}},"type":"if","locations":[{"start":{"line":71,"column":4},"end":{"line":82,"column":5}},{"start":{"line":71,"column":4},"end":{"line":82,"column":5}}],"line":71},"6":{"loc":{"start":{"line":72,"column":6},"end":{"line":79,"column":7}},"type":"if","locations":[{"start":{"line":72,"column":6},"end":{"line":79,"column":7}},{"start":{"line":72,"column":6},"end":{"line":79,"column":7}}],"line":72},"7":{"loc":{"start":{"line":76,"column":8},"end":{"line":78,"column":9}},"type":"if","locations":[{"start":{"line":76,"column":8},"end":{"line":78,"column":9}},{"start":{"line":76,"column":8},"end":{"line":78,"column":9}}],"line":76}},"s":{"0":0,"1":0,"2":0,"3":0,"4":0,"5":0,"6":0,"7":0,"8":0,"9":0,"10":0,"11":0,"12":0,"13":0,"14":0,"15":0,"16":0,"17":0,"18":0,"19":0,"20":0,"21":0,"22":0},"f":{"0":0,"1":0,"2":0,"3":0,"4":0},"b":{"0":[0,0],"1":[0,0],"2":[0,0],"3":[0,0],"4":[0,0],"5":[0,0],"6":[0,0],"7":[0,0]},"_coverageSchema":"43e27e138ebf9cfc5966b082cf9a028302ed4184","hash":"ef63856b5d09867b0306dde360a8f9eff2d56ab6"}
}
