TN:
SF:/Users/andeladeveloper/Code/Node/more-recipes/server/config/database.js
FNF:0
FNH:0
DA:1,1
DA:5,1
DA:25,1
LF:3
LH:3
BRF:0
BRH:0
end_of_record
TN:
SF:/Users/andeladeveloper/Code/Node/more-recipes/server/config/index.js
FNF:0
FNH:0
DA:1,1
DA:3,1
DA:5,1
DA:6,1
DA:12,1
LF:5
LH:5
BRDA:5,0,0,1
BRDA:5,0,1,0
BRF:2
BRH:1
end_of_record
TN:
SF:/Users/andeladeveloper/Code/Node/more-recipes/server/database/models/index.js
FN:22,(anonymous_0)
FN:23,(anonymous_1)
FN:28,(anonymous_2)
FNF:3
FNH:3
FNDA:4,(anonymous_0)
FNDA:3,(anonymous_1)
FNDA:3,(anonymous_2)
DA:1,1
DA:3,1
DA:4,1
DA:5,1
DA:7,1
DA:8,1
DA:9,1
DA:11,1
DA:13,1
DA:14,0
DA:16,1
DA:20,1
DA:22,4
DA:24,3
DA:25,3
DA:28,1
DA:29,3
DA:30,3
DA:34,1
DA:35,1
DA:37,1
LF:21
LH:20
BRDA:8,0,0,1
BRDA:8,0,1,0
BRDA:13,1,0,0
BRDA:13,1,1,1
BRDA:22,2,0,4
BRDA:22,2,1,4
BRDA:22,2,2,3
BRDA:29,3,0,3
BRDA:29,3,1,0
BRF:9
BRH:6
end_of_record
TN:
SF:/Users/andeladeveloper/Code/Node/more-recipes/server/database/models/recipe.js
FN:3,(anonymous_0)
FN:26,(anonymous_1)
FN:36,(anonymous_2)
FN:39,(anonymous_3)
FNF:4
FNH:2
FNDA:1,(anonymous_0)
FNDA:1,(anonymous_1)
FNDA:0,(anonymous_2)
FNDA:0,(anonymous_3)
DA:3,1
DA:4,1
DA:26,1
DA:27,1
DA:31,1
DA:36,1
DA:37,0
DA:38,0
DA:39,0
DA:41,0
DA:45,1
LF:11
LH:7
BRDA:37,0,0,0
BRDA:37,0,1,0
BRF:2
BRH:0
end_of_record
TN:
SF:/Users/andeladeveloper/Code/Node/more-recipes/server/database/models/review.js
FN:1,(anonymous_0)
FN:28,(anonymous_1)
FNF:2
FNH:2
FNDA:1,(anonymous_0)
FNDA:1,(anonymous_1)
DA:1,1
DA:2,1
DA:28,1
DA:29,1
DA:33,1
DA:38,1
LF:6
LH:6
BRF:0
BRH:0
end_of_record
TN:
SF:/Users/andeladeveloper/Code/Node/more-recipes/server/database/models/user.js
FN:7,(anonymous_0)
FN:38,(anonymous_1)
FNF:2
FNH:2
FNDA:1,(anonymous_0)
FNDA:1,(anonymous_1)
DA:1,1
DA:7,1
DA:8,1
DA:38,1
DA:39,1
DA:42,1
DA:47,1
LF:7
LH:7
BRF:0
BRH:0
end_of_record
TN:
SF:/Users/andeladeveloper/Code/Node/more-recipes/server/helpers/index.js
FN:14,(anonymous_0)
FN:60,updateRecipeAttributes
FN:84,updateUserAttributes
FN:104,updateUserSettings
FN:107,(anonymous_4)
FNF:5
FNH:0
FNDA:0,(anonymous_0)
FNDA:0,updateRecipeAttributes
FNDA:0,updateUserAttributes
FNDA:0,updateUserSettings
FNDA:0,(anonymous_4)
DA:14,1
DA:15,1
DA:61,0
DA:63,0
DA:64,0
DA:66,0
DA:67,0
DA:69,0
DA:70,0
DA:72,0
DA:73,0
DA:75,0
DA:85,0
DA:91,0
DA:92,0
DA:93,0
DA:95,0
DA:105,0
DA:107,0
DA:108,0
DA:109,0
DA:110,0
DA:111,0
DA:116,0
DA:117,0
DA:118,0
LF:26
LH:2
BRDA:108,0,0,0
BRDA:108,0,1,0
BRDA:110,1,0,0
BRDA:110,1,1,0
BRDA:110,2,0,0
BRDA:110,2,1,0
BRF:6
BRH:0
end_of_record
TN:
SF:/Users/andeladeveloper/Code/Node/more-recipes/server/helpers/redis-client.js
FN:7,(anonymous_0)
FNF:1
FNH:1
FNDA:1,(anonymous_0)
DA:7,1
DA:8,1
DA:9,0
DA:12,1
LF:4
LH:3
BRDA:8,0,0,0
BRDA:8,0,1,1
BRF:2
BRH:1
end_of_record
TN:
SF:/Users/andeladeveloper/Code/Node/more-recipes/server/validators/index.js
FNF:0
FNH:0
LF:0
LH:0
BRF:0
BRH:0
end_of_record
TN:
SF:/Users/andeladeveloper/Code/Node/more-recipes/server/validators/registerUserValidator.js
FN:13,(anonymous_0)
FN:24,(anonymous_1)
FN:40,(anonymous_2)
FN:55,(anonymous_3)
FN:70,(anonymous_4)
FNF:5
FNH:3
FNDA:4,(anonymous_0)
FNDA:0,(anonymous_1)
FNDA:2,(anonymous_2)
FNDA:2,(anonymous_3)
FNDA:0,(anonymous_4)
DA:14,4
DA:16,4
DA:25,0
DA:26,0
DA:27,0
DA:29,0
DA:30,0
DA:32,0
DA:41,2
DA:42,1
DA:43,1
DA:46,1
DA:56,2
DA:57,1
DA:58,1
DA:61,1
DA:71,0
DA:72,0
DA:73,0
DA:75,0
DA:76,0
DA:77,0
DA:81,0
LF:23
LH:10
BRDA:29,0,0,0
BRDA:29,0,1,0
BRDA:41,1,0,1
BRDA:41,1,1,1
BRDA:42,2,0,1
BRDA:42,2,1,0
BRDA:56,3,0,1
BRDA:56,3,1,1
BRDA:57,4,0,1
BRDA:57,4,1,0
BRDA:71,5,0,0
BRDA:71,5,1,0
BRDA:72,6,0,0
BRDA:72,6,1,0
BRDA:76,7,0,0
BRDA:76,7,1,0
BRF:16
BRH:6
end_of_record
TN:
SF:/Users/andeladeveloper/Code/Node/more-recipes/server/validators/signinUserValidator.js
FN:10,(anonymous_0)
FN:19,(anonymous_1)
FN:33,(anonymous_2)
FN:43,(anonymous_3)
FNF:4
FNH:0
FNDA:0,(anonymous_0)
FNDA:0,(anonymous_1)
FNDA:0,(anonymous_2)
FNDA:0,(anonymous_3)
DA:11,0
DA:13,0
DA:20,0
DA:21,0
DA:23,0
DA:24,0
DA:27,0
DA:34,0
DA:35,0
DA:44,0
DA:45,0
DA:46,0
DA:49,0
LF:13
LH:0
BRDA:23,0,0,0
BRDA:23,0,1,0
BRDA:34,1,0,0
BRDA:34,1,1,0
BRDA:44,2,0,0
BRDA:44,2,1,0
BRDA:45,3,0,0
BRDA:45,3,1,0
BRF:8
BRH:0
end_of_record
TN:
SF:/Users/andeladeveloper/Code/Node/more-recipes/server/validators/storeRecipeValidator.js
FN:11,(anonymous_0)
FN:21,(anonymous_1)
FN:46,(anonymous_2)
FN:62,(anonymous_3)
FN:77,(anonymous_4)
FN:92,(anonymous_5)
FN:121,(anonymous_6)
FN:136,(anonymous_7)
FNF:8
FNH:0
FNDA:0,(anonymous_0)
FNDA:0,(anonymous_1)
FNDA:0,(anonymous_2)
FNDA:0,(anonymous_3)
FNDA:0,(anonymous_4)
FNDA:0,(anonymous_5)
FNDA:0,(anonymous_6)
FNDA:0,(anonymous_7)
DA:12,0
DA:13,0
DA:22,0
DA:23,0
DA:24,0
DA:25,0
DA:26,0
DA:27,0
DA:28,0
DA:30,0
DA:33,0
DA:34,0
DA:37,0
DA:47,0
DA:48,0
DA:49,0
DA:52,0
DA:63,0
DA:64,0
DA:65,0
DA:68,0
DA:78,0
DA:79,0
DA:80,0
DA:83,0
DA:93,0
DA:95,0
DA:96,0
DA:97,0
DA:99,0
DA:100,0
DA:103,0
DA:104,0
DA:107,0
DA:108,0
DA:109,0
DA:113,0
DA:122,0
DA:123,0
DA:124,0
DA:127,0
DA:137,0
DA:139,0
DA:140,0
DA:141,0
DA:143,0
DA:144,0
DA:146,0
DA:147,0
DA:150,0
DA:151,0
DA:152,0
DA:156,0
LF:53
LH:0
BRDA:22,0,0,0
BRDA:22,0,1,0
BRDA:33,1,0,0
BRDA:33,1,1,0
BRDA:47,2,0,0
BRDA:47,2,1,0
BRDA:48,3,0,0
BRDA:48,3,1,0
BRDA:63,4,0,0
BRDA:63,4,1,0
BRDA:64,5,0,0
BRDA:64,5,1,0
BRDA:78,6,0,0
BRDA:78,6,1,0
BRDA:79,7,0,0
BRDA:79,7,1,0
BRDA:95,8,0,0
BRDA:95,8,1,0
BRDA:103,9,0,0
BRDA:103,9,1,0
BRDA:107,10,0,0
BRDA:107,10,1,0
BRDA:108,11,0,0
BRDA:108,11,1,0
BRDA:122,12,0,0
BRDA:122,12,1,0
BRDA:123,13,0,0
BRDA:123,13,1,0
BRDA:139,14,0,0
BRDA:139,14,1,0
BRDA:146,15,0,0
BRDA:146,15,1,0
BRDA:150,16,0,0
BRDA:150,16,1,0
BRDA:151,17,0,0
BRDA:151,17,1,0
BRF:36
BRH:0
end_of_record
TN:
SF:/Users/andeladeveloper/Code/Node/more-recipes/server/validators/storeReviewValidator.js
FN:13,(anonymous_0)
FN:25,(anonymous_1)
FN:41,(anonymous_2)
FNF:3
FNH:0
FNDA:0,(anonymous_0)
FNDA:0,(anonymous_1)
FNDA:0,(anonymous_2)
DA:14,0
DA:16,0
DA:26,0
DA:28,0
DA:29,0
DA:32,0
DA:42,0
DA:43,0
DA:44,0
DA:47,0
LF:10
LH:0
BRDA:28,0,0,0
BRDA:28,0,1,0
BRDA:42,1,0,0
BRDA:42,1,1,0
BRDA:43,2,0,0
BRDA:43,2,1,0
BRF:6
BRH:0
end_of_record
TN:
SF:/Users/andeladeveloper/Code/Node/more-recipes/server/validators/updateRecipeValidator.js
FN:11,(anonymous_0)
FN:21,(anonymous_1)
FN:42,(anonymous_2)
FN:56,(anonymous_3)
FN:69,(anonymous_4)
FN:82,(anonymous_5)
FN:109,(anonymous_6)
FN:122,(anonymous_7)
FNF:8
FNH:0
FNDA:0,(anonymous_0)
FNDA:0,(anonymous_1)
FNDA:0,(anonymous_2)
FNDA:0,(anonymous_3)
FNDA:0,(anonymous_4)
FNDA:0,(anonymous_5)
FNDA:0,(anonymous_6)
FNDA:0,(anonymous_7)
DA:12,0
DA:13,0
DA:22,0
DA:23,0
DA:24,0
DA:25,0
DA:26,0
DA:27,0
DA:29,0
DA:30,0
DA:33,0
DA:43,0
DA:44,0
DA:45,0
DA:57,0
DA:58,0
DA:59,0
DA:70,0
DA:71,0
DA:72,0
DA:83,0
DA:85,0
DA:86,0
DA:87,0
DA:89,0
DA:90,0
DA:93,0
DA:94,0
DA:97,0
DA:98,0
DA:99,0
DA:110,0
DA:111,0
DA:112,0
DA:123,0
DA:125,0
DA:126,0
DA:127,0
DA:129,0
DA:130,0
DA:132,0
DA:133,0
DA:136,0
DA:137,0
DA:138,0
LF:45
LH:0
BRDA:29,0,0,0
BRDA:29,0,1,0
BRDA:43,1,0,0
BRDA:43,1,1,0
BRDA:44,2,0,0
BRDA:44,2,1,0
BRDA:57,3,0,0
BRDA:57,3,1,0
BRDA:58,4,0,0
BRDA:58,4,1,0
BRDA:70,5,0,0
BRDA:70,5,1,0
BRDA:71,6,0,0
BRDA:71,6,1,0
BRDA:85,7,0,0
BRDA:85,7,1,0
BRDA:93,8,0,0
BRDA:93,8,1,0
BRDA:97,9,0,0
BRDA:97,9,1,0
BRDA:98,10,0,0
BRDA:98,10,1,0
BRDA:110,11,0,0
BRDA:110,11,1,0
BRDA:111,12,0,0
BRDA:111,12,1,0
BRDA:125,13,0,0
BRDA:125,13,1,0
BRDA:132,14,0,0
BRDA:132,14,1,0
BRDA:136,15,0,0
BRDA:136,15,1,0
BRDA:137,16,0,0
BRDA:137,16,1,0
BRF:34
BRH:0
end_of_record
