TN:
SF:C:\Users\LENOVO THINKPAD T430\Desktop\more-recipes\server\config\database.js
FNF:0
FNH:0
DA:1,1
DA:5,1
DA:25,1
LF:3
LH:3
BRF:0
BRH:0
end_of_record
TN:
SF:C:\Users\LENOVO THINKPAD T430\Desktop\more-recipes\server\config\index.js
FNF:0
FNH:0
DA:1,1
DA:3,1
DA:5,1
DA:6,1
DA:12,1
LF:5
LH:5
BRDA:5,0,0,1
BRDA:5,0,1,0
BRF:2
BRH:1
end_of_record
TN:
SF:C:\Users\LENOVO THINKPAD T430\Desktop\more-recipes\server\database\models\index.js
FN:22,(anonymous_0)
FN:23,(anonymous_1)
FN:28,(anonymous_2)
FNF:3
FNH:3
FNDA:4,(anonymous_0)
FNDA:3,(anonymous_1)
FNDA:3,(anonymous_2)
DA:1,1
DA:3,1
DA:4,1
DA:5,1
DA:7,1
DA:8,1
DA:9,1
DA:11,1
DA:13,1
DA:14,0
DA:16,1
DA:20,1
DA:22,4
DA:24,3
DA:25,3
DA:28,1
DA:29,3
DA:30,3
DA:34,1
DA:35,1
DA:37,1
LF:21
LH:20
BRDA:8,0,0,1
BRDA:8,0,1,0
BRDA:13,1,0,0
BRDA:13,1,1,1
BRDA:22,2,0,4
BRDA:22,2,1,4
BRDA:22,2,2,3
BRDA:29,3,0,3
BRDA:29,3,1,0
BRF:9
BRH:6
end_of_record
TN:
SF:C:\Users\LENOVO THINKPAD T430\Desktop\more-recipes\server\database\models\recipe.js
FN:3,(anonymous_0)
FN:26,(anonymous_1)
FN:36,(anonymous_2)
FN:39,(anonymous_3)
FNF:4
FNH:2
FNDA:1,(anonymous_0)
FNDA:1,(anonymous_1)
FNDA:0,(anonymous_2)
FNDA:0,(anonymous_3)
DA:3,1
DA:4,1
DA:26,1
DA:27,1
DA:31,1
DA:36,1
DA:37,0
DA:38,0
DA:39,0
DA:41,0
DA:45,1
LF:11
LH:7
BRDA:37,0,0,0
BRDA:37,0,1,0
BRF:2
BRH:0
end_of_record
TN:
SF:C:\Users\LENOVO THINKPAD T430\Desktop\more-recipes\server\database\models\review.js
FN:1,(anonymous_0)
FN:28,(anonymous_1)
FNF:2
FNH:2
FNDA:1,(anonymous_0)
FNDA:1,(anonymous_1)
DA:1,1
DA:2,1
DA:28,1
DA:29,1
DA:33,1
DA:38,1
LF:6
LH:6
BRF:0
BRH:0
end_of_record
TN:
SF:C:\Users\LENOVO THINKPAD T430\Desktop\more-recipes\server\database\models\user.js
FN:7,(anonymous_0)
FN:38,(anonymous_1)
FNF:2
FNH:2
FNDA:1,(anonymous_0)
FNDA:1,(anonymous_1)
DA:1,1
DA:7,1
DA:8,1
DA:38,1
DA:39,1
DA:42,1
DA:47,1
LF:7
LH:7
BRF:0
BRH:0
end_of_record
TN:
SF:C:\Users\LENOVO THINKPAD T430\Desktop\more-recipes\server\helpers\index.js
FN:14,(anonymous_0)
FN:60,updateRecipeAttributes
FN:84,updateUserAttributes
FN:104,updateUserSettings
FN:107,(anonymous_4)
FNF:5
FNH:0
FNDA:0,(anonymous_0)
FNDA:0,updateRecipeAttributes
FNDA:0,updateUserAttributes
FNDA:0,updateUserSettings
FNDA:0,(anonymous_4)
DA:14,1
DA:15,1
DA:61,0
DA:63,0
DA:64,0
DA:66,0
DA:67,0
DA:69,0
DA:70,0
DA:72,0
DA:73,0
DA:75,0
DA:85,0
DA:91,0
DA:92,0
DA:93,0
DA:95,0
DA:105,0
DA:107,0
DA:108,0
DA:109,0
DA:110,0
DA:111,0
DA:116,0
DA:117,0
DA:118,0
LF:26
LH:2
BRDA:108,0,0,0
BRDA:108,0,1,0
BRDA:110,1,0,0
BRDA:110,1,1,0
BRDA:110,2,0,0
BRDA:110,2,1,0
BRF:6
BRH:0
end_of_record
TN:
SF:C:\Users\LENOVO THINKPAD T430\Desktop\more-recipes\server\helpers\redis-client.js
FN:7,(anonymous_0)
FNF:1
FNH:1
FNDA:1,(anonymous_0)
DA:7,1
DA:8,1
DA:9,0
DA:12,1
LF:4
LH:3
BRDA:8,0,0,0
BRDA:8,0,1,1
BRF:2
BRH:1
end_of_record
TN:
SF:C:\Users\LENOVO THINKPAD T430\Desktop\more-recipes\server\validators\registerUserValidator.js
FN:13,(anonymous_0)
FN:24,(anonymous_1)
FN:40,(anonymous_2)
FN:55,(anonymous_3)
FN:70,(anonymous_4)
FNF:5
FNH:0
FNDA:0,(anonymous_0)
FNDA:0,(anonymous_1)
FNDA:0,(anonymous_2)
FNDA:0,(anonymous_3)
FNDA:0,(anonymous_4)
DA:14,0
DA:16,0
DA:25,0
DA:26,0
DA:27,0
DA:29,0
DA:30,0
DA:32,0
DA:41,0
DA:42,0
DA:43,0
DA:46,0
DA:56,0
DA:57,0
DA:58,0
DA:61,0
DA:71,0
DA:72,0
DA:73,0
DA:75,0
DA:76,0
DA:77,0
DA:81,0
LF:23
LH:0
BRDA:29,0,0,0
BRDA:29,0,1,0
BRDA:41,1,0,0
BRDA:41,1,1,0
BRDA:42,2,0,0
BRDA:42,2,1,0
BRDA:56,3,0,0
BRDA:56,3,1,0
BRDA:57,4,0,0
BRDA:57,4,1,0
BRDA:71,5,0,0
BRDA:71,5,1,0
BRDA:72,6,0,0
BRDA:72,6,1,0
BRDA:76,7,0,0
BRDA:76,7,1,0
BRF:16
BRH:0
end_of_record
